2021-03-29 22:03:39,398  * Running on http://127.0.0.1:8010/ (Press CTRL+C to quit)
2021-03-29 22:03:43,753 Looking up the all the items in the catalog database.
2021-03-29 22:03:43,754 Lookup Successful
2021-03-29 22:03:43,754 127.0.0.1 - - [29/Mar/2021 22:03:43] "[37mGET /item HTTP/1.1[0m" 200 -
2021-03-29 22:57:23,593 Looking up the items with topic 'graduate school' in catalog database.
2021-03-29 22:57:23,594 Lookup Successful
2021-03-29 22:57:23,606 Looking up the item with id '4' in catalog database.
2021-03-29 22:57:23,607 Lookup Successful
2021-03-29 22:57:23,627 Looking up the item with id '4' in catalog database.
2021-03-29 22:57:23,628 Lookup Successful
2021-03-29 22:57:23,633 Looking up the item with id '4' in catalog database for updating the item.
2021-03-29 22:57:23,635 Updating the count of the book with id = '4'
2021-03-29 22:57:23,638 Catalog database update successful
2021-03-29 22:57:26,918 Looking up the items with topic 'distributed systems' in catalog database.
2021-03-29 22:57:26,918 Lookup Successful
2021-03-29 22:57:26,929 Looking up the item with id '1' in catalog database.
2021-03-29 22:57:26,929 Lookup Successful
2021-03-29 22:57:26,957 Looking up the item with id '1' in catalog database.
2021-03-29 22:57:26,958 Lookup Successful
2021-03-29 22:57:26,963 Looking up the item with id '1' in catalog database for updating the item.
2021-03-29 22:57:26,965 Updating the count of the book with id = '1'
2021-03-29 22:57:26,966 Catalog database update successful
2021-03-29 22:57:30,729 Looking up the items with topic 'distributed systems' in catalog database.
2021-03-29 22:57:30,729 Lookup Successful
2021-03-29 22:57:30,745 Looking up the item with id '1' in catalog database.
2021-03-29 22:57:30,745 Lookup Successful
2021-03-29 22:57:30,777 Looking up the item with id '1' in catalog database.
2021-03-29 22:57:30,778 Lookup Successful
2021-03-29 22:57:30,782 Looking up the item with id '1' in catalog database for updating the item.
2021-03-29 22:57:30,785 Updating the count of the book with id = '1'
2021-03-29 22:57:30,786 Catalog database update successful
2021-03-29 22:57:33,035 Looking up the items with topic 'distributed systems' in catalog database.
2021-03-29 22:57:33,036 Lookup Successful
2021-03-29 22:57:33,052 Looking up the item with id '2' in catalog database.
2021-03-29 22:57:33,053 Lookup Successful
2021-03-29 22:57:34,104 Looking up the item with id '2' in catalog database.
2021-03-29 22:57:34,105 Lookup Successful
2021-03-29 22:57:34,109 Looking up the item with id '2' in catalog database for updating the item.
2021-03-29 22:57:34,110 Updating the count of the book with id = '2'
2021-03-29 22:57:34,111 Catalog database update successful
2021-03-29 22:57:36,293 Looking up the items with topic 'graduate school' in catalog database.
2021-03-29 22:57:36,293 Lookup Successful
2021-03-29 22:57:36,304 Looking up the item with id '3' in catalog database.
2021-03-29 22:57:36,304 Lookup Successful
2021-03-29 22:57:36,323 Looking up the item with id '3' in catalog database.
2021-03-29 22:57:36,323 Lookup Successful
2021-03-29 22:57:36,328 Looking up the item with id '3' in catalog database for updating the item.
2021-03-29 22:57:36,329 Updating the count of the book with id = '3'
2021-03-29 22:57:36,337 Catalog database update successful
2021-04-03 23:53:30,600 Looking up the items with topic 'distributed systems' in catalog database.
2021-04-03 23:53:30,600 Lookup Successful
2021-04-03 23:53:30,615 Looking up the item with id '1' in catalog database.
2021-04-03 23:53:30,616 Lookup Successful
2021-04-03 23:53:30,688 Looking up the item with id '1' in catalog database.
2021-04-03 23:53:30,688 Lookup Successful
2021-04-03 23:53:30,693 Looking up the item with id '1' in catalog database for updating the item.
2021-04-03 23:53:30,716 Updating the count of the book with id = '1'
2021-04-03 23:53:30,718 Catalog database update successful